{"level":"info","message":"✅ Database connected successfully"}
{"level":"info","message":"\n╔══════════════════════════════════════╗\n║         🚀 Server Started           ║\n╠══════════════════════════════════════╣\n║ Port:        5002                  ║\n║ Environment: development           ║\n║ URL:         http://localhost:5002          ║\n╚══════════════════════════════════════╝\n      "}
{"level":"info","message":"✅ CORS Origins: http://localhost:5173"}
{"level":"info","message":"✅ Using MongoDB for session storage"}
{"level":"info","message":"Shutting down server..."}
{"level":"info","message":"✅ Database connected successfully"}
{"level":"info","message":"\n╔══════════════════════════════════════╗\n║         🚀 Server Started           ║\n╠══════════════════════════════════════╣\n║ Port:        5002                  ║\n║ Environment: development           ║\n║ URL:         http://localhost:5002          ║\n╚══════════════════════════════════════╝\n      "}
{"level":"info","message":"✅ CORS Origins: http://localhost:5173"}
{"level":"info","message":"✅ Using MongoDB for session storage"}
{"level":"info","message":"Shutting down server..."}
{"level":"info","message":"✅ Database connected successfully"}
{"level":"info","message":"\n╔══════════════════════════════════════╗\n║         🚀 Server Started           ║\n╠══════════════════════════════════════╣\n║ Port:        5002                  ║\n║ Environment: development           ║\n║ URL:         http://localhost:5002          ║\n╚══════════════════════════════════════╝\n      "}
{"level":"info","message":"✅ CORS Origins: http://localhost:5173"}
{"level":"info","message":"✅ Using MongoDB for session storage"}
{"level":"info","message":"Shutting down server..."}
{"level":"info","message":"✅ Database connected successfully"}
{"level":"info","message":"\n╔══════════════════════════════════════╗\n║         🚀 Server Started           ║\n╠══════════════════════════════════════╣\n║ Port:        5002                  ║\n║ Environment: development           ║\n║ URL:         http://localhost:5002          ║\n╚══════════════════════════════════════╝\n      "}
{"level":"info","message":"✅ CORS Origins: http://localhost:5173"}
{"level":"info","message":"✅ Using MongoDB for session storage"}
{"level":"info","message":"Shutting down server..."}
{"level":"info","message":"✅ Database connected successfully"}
{"level":"info","message":"\n  \n Port:        5002                  \nEnvironment: development           \n URL:         http://localhost:5002          \n\n      "}
{"level":"info","message":"✅ CORS Origins: http://localhost:5173"}
{"level":"info","message":"✅ Using MongoDB for session storage"}
{"level":"info","message":"Shutting down server..."}
{"level":"info","message":"✅ Database connected successfully"}
{"level":"info","message":"\n  \n Port:        5002                  \nEnvironment: development           \n URL:         http://localhost:5002          \n\n      "}
{"level":"info","message":"✅ CORS Origins: http://localhost:5173"}
{"level":"info","message":"✅ Using MongoDB for session storage"}
{"level":"info","message":"Shutting down server..."}
{"level":"info","message":"✅ Database connected successfully"}
{"level":"info","message":"🚀 Server is running on http://localhost:5002"}
{"level":"info","message":"✅ CORS Origins: http://localhost:5173"}
{"level":"info","message":"✅ Using MongoDB for session storage"}
{"level":"info","message":"Shutting down server..."}
{"level":"info","message":"✅ Database connected successfully"}
{"level":"info","message":"🚀 Server is running on http://localhost:5002"}
{"level":"info","message":"✅ CORS Origins: http://localhost:5173"}
{"level":"info","message":"✅ Using MongoDB for session storage"}
{"level":"info","message":"Shutting down server..."}
